TN:
SF:controllers\appUserController.js
FN:6,(anonymous_0)
FN:16,(anonymous_1)
FN:28,(anonymous_2)
FN:53,(anonymous_3)
FNF:4
FNH:4
FNDA:2,(anonymous_0)
FNDA:2,(anonymous_1)
FNDA:3,(anonymous_2)
FNDA:2,(anonymous_3)
DA:1,2
DA:2,2
DA:4,2
DA:7,2
DA:8,2
DA:9,1
DA:11,1
DA:17,2
DA:18,2
DA:19,2
DA:20,1
DA:21,1
DA:23,0
DA:29,3
DA:30,3
DA:31,3
DA:34,3
DA:35,1
DA:38,2
DA:39,2
DA:40,2
DA:41,2
DA:42,1
DA:45,2
DA:46,2
DA:48,0
DA:54,2
DA:55,2
DA:56,1
DA:58,1
DA:63,2
LF:31
LH:29
BRDA:19,0,0,1
BRDA:19,0,1,1
BRDA:34,1,0,1
BRDA:34,1,1,2
BRDA:34,2,0,3
BRDA:34,2,1,3
BRDA:39,3,0,1
BRDA:39,3,1,1
BRDA:40,4,0,0
BRDA:40,4,1,2
BRDA:41,5,0,1
BRDA:41,5,1,1
BRF:12
BRH:11
end_of_record
TN:
SF:controllers\authController.js
FN:6,(anonymous_0)
FN:44,(anonymous_1)
FN:80,(anonymous_2)
FN:81,(anonymous_3)
FN:91,(anonymous_4)
FNF:5
FNH:5
FNDA:6,(anonymous_0)
FNDA:5,(anonymous_1)
FNDA:2,(anonymous_2)
FNDA:2,(anonymous_3)
FNDA:1,(anonymous_4)
DA:1,2
DA:2,2
DA:4,2
DA:7,6
DA:8,6
DA:10,6
DA:11,2
DA:14,4
DA:15,4
DA:16,1
DA:19,3
DA:20,3
DA:21,1
DA:24,2
DA:25,2
DA:26,2
DA:28,2
DA:37,2
DA:39,0
DA:45,5
DA:46,5
DA:48,5
DA:49,1
DA:52,4
DA:53,4
DA:54,2
DA:57,2
DA:58,2
DA:59,1
DA:62,1
DA:70,1
DA:75,0
DA:81,2
DA:82,2
DA:83,1
DA:85,1
DA:86,1
DA:92,1
DA:96,2
LF:39
LH:37
BRDA:10,0,0,2
BRDA:10,0,1,4
BRDA:10,1,0,6
BRDA:10,1,1,5
BRDA:10,1,2,5
BRDA:10,1,3,5
BRDA:15,2,0,1
BRDA:15,2,1,3
BRDA:20,3,0,1
BRDA:20,3,1,2
BRDA:26,4,0,1
BRDA:26,4,1,1
BRDA:48,5,0,1
BRDA:48,5,1,4
BRDA:48,6,0,5
BRDA:48,6,1,4
BRDA:53,7,0,2
BRDA:53,7,1,2
BRDA:58,8,0,1
BRDA:58,8,1,1
BRDA:82,9,0,1
BRDA:82,9,1,1
BRF:22
BRH:22
end_of_record
TN:
SF:controllers\bookingController.js
FN:6,(anonymous_0)
FN:20,(anonymous_1)
FN:31,(anonymous_2)
FN:51,(anonymous_3)
FN:97,(anonymous_4)
FN:124,(anonymous_5)
FNF:6
FNH:6
FNDA:3,(anonymous_0)
FNDA:1,(anonymous_1)
FNDA:3,(anonymous_2)
FNDA:4,(anonymous_3)
FNDA:4,(anonymous_4)
FNDA:3,(anonymous_5)
DA:1,2
DA:2,2
DA:4,2
DA:7,3
DA:8,3
DA:9,2
DA:10,1
DA:12,1
DA:13,1
DA:15,1
DA:21,1
DA:22,1
DA:23,1
DA:24,1
DA:26,0
DA:32,3
DA:33,3
DA:34,3
DA:37,2
DA:41,1
DA:44,1
DA:46,0
DA:52,4
DA:53,4
DA:55,4
DA:56,1
DA:59,3
DA:60,3
DA:61,2
DA:62,1
DA:66,1
DA:67,1
DA:69,1
DA:71,1
DA:72,1
DA:74,1
DA:84,1
DA:86,1
DA:92,0
DA:98,4
DA:99,4
DA:100,4
DA:101,4
DA:102,1
DA:105,3
DA:106,3
DA:108,2
DA:111,2
DA:112,1
DA:113,1
DA:114,1
DA:117,2
DA:119,0
DA:125,3
DA:126,3
DA:127,3
DA:129,2
DA:133,1
DA:136,1
DA:137,1
DA:139,1
DA:141,0
DA:146,2
LF:63
LH:58
BRDA:8,0,0,2
BRDA:8,0,1,1
BRDA:34,1,0,1
BRDA:34,1,1,2
BRDA:37,2,0,1
BRDA:37,2,1,1
BRDA:38,3,0,2
BRDA:38,3,1,2
BRDA:55,4,0,1
BRDA:55,4,1,3
BRDA:55,5,0,4
BRDA:55,5,1,4
BRDA:55,5,2,3
BRDA:60,6,0,1
BRDA:60,6,1,2
BRDA:61,7,0,1
BRDA:61,7,1,1
BRDA:71,8,0,0
BRDA:71,8,1,1
BRDA:101,9,0,1
BRDA:101,9,1,3
BRDA:106,10,0,1
BRDA:106,10,1,2
BRDA:111,11,0,1
BRDA:111,11,1,1
BRDA:113,12,0,1
BRDA:113,12,1,0
BRDA:127,13,0,1
BRDA:127,13,1,2
BRDA:129,14,0,1
BRDA:129,14,1,1
BRDA:130,15,0,2
BRDA:130,15,1,2
BRF:33
BRH:31
end_of_record
TN:
SF:controllers\marketLockController.js
FN:5,(anonymous_0)
FN:15,(anonymous_1)
FN:25,(anonymous_2)
FN:36,(anonymous_3)
FN:57,(anonymous_4)
FN:77,(anonymous_5)
FNF:6
FNH:6
FNDA:2,(anonymous_0)
FNDA:1,(anonymous_1)
FNDA:2,(anonymous_2)
FNDA:2,(anonymous_3)
FNDA:1,(anonymous_4)
FNDA:2,(anonymous_5)
DA:1,2
DA:3,2
DA:6,2
DA:7,2
DA:8,1
DA:10,1
DA:16,1
DA:17,1
DA:18,1
DA:20,0
DA:26,2
DA:27,2
DA:28,2
DA:29,1
DA:31,0
DA:37,2
DA:39,2
DA:40,2
DA:41,1
DA:43,1
DA:50,1
DA:52,0
DA:58,1
DA:60,1
DA:61,1
DA:62,1
DA:63,1
DA:64,1
DA:65,1
DA:66,1
DA:67,1
DA:69,1
DA:70,1
DA:72,0
DA:78,2
DA:79,2
DA:80,1
DA:82,1
DA:87,2
LF:39
LH:35
BRDA:28,0,0,1
BRDA:28,0,1,1
BRDA:40,1,0,1
BRDA:40,1,1,1
BRDA:40,2,0,2
BRDA:40,2,1,2
BRDA:40,2,2,1
BRDA:62,3,0,0
BRDA:62,3,1,1
BRDA:63,4,0,0
BRDA:63,4,1,1
BRDA:64,5,0,0
BRDA:64,5,1,1
BRDA:65,6,0,1
BRDA:65,6,1,0
BRDA:66,7,0,0
BRDA:66,7,1,1
BRDA:67,8,0,0
BRDA:67,8,1,1
BRF:19
BRH:13
end_of_record
TN:
SF:controllers\paymentController.js
FN:9,(anonymous_0)
FN:12,(anonymous_1)
FN:21,(anonymous_2)
FN:34,(anonymous_3)
FN:42,(anonymous_4)
FN:44,(anonymous_5)
FN:54,(anonymous_6)
FN:64,(anonymous_7)
FN:75,(anonymous_8)
FN:121,(anonymous_9)
FNF:10
FNH:7
FNDA:0,(anonymous_0)
FNDA:0,(anonymous_1)
FNDA:0,(anonymous_2)
FNDA:3,(anonymous_3)
FNDA:2,(anonymous_4)
FNDA:2,(anonymous_5)
FNDA:2,(anonymous_6)
FNDA:3,(anonymous_7)
FNDA:7,(anonymous_8)
FNDA:5,(anonymous_9)
DA:1,2
DA:2,2
DA:3,2
DA:4,2
DA:5,2
DA:8,2
DA:10,0
DA:13,0
DA:14,0
DA:18,2
DA:22,0
DA:23,0
DA:24,0
DA:26,0
DA:30,2
DA:35,3
DA:36,3
DA:37,2
DA:38,1
DA:41,1
DA:42,2
DA:43,1
DA:44,1
DA:45,2
DA:47,1
DA:49,1
DA:55,2
DA:56,2
DA:57,1
DA:59,1
DA:65,3
DA:66,3
DA:67,2
DA:68,1
DA:70,1
DA:76,7
DA:77,7
DA:79,7
DA:80,1
DA:83,6
DA:84,5
DA:86,4
DA:90,1
DA:93,3
DA:94,3
DA:95,1
DA:98,2
DA:99,2
DA:100,1
DA:103,1
DA:111,1
DA:116,1
DA:122,5
DA:123,5
DA:124,5
DA:125,1
DA:128,4
DA:129,3
DA:131,2
DA:133,2
DA:134,1
DA:135,1
DA:136,1
DA:141,1
DA:142,1
DA:143,1
DA:144,1
DA:147,2
DA:149,1
DA:154,2
LF:70
LH:63
BRDA:23,0,0,0
BRDA:23,0,1,0
BRDA:36,1,0,2
BRDA:36,1,1,1
BRDA:67,2,0,1
BRDA:67,2,1,1
BRDA:79,3,0,1
BRDA:79,3,1,6
BRDA:79,4,0,7
BRDA:79,4,1,7
BRDA:79,4,2,6
BRDA:84,5,0,1
BRDA:84,5,1,4
BRDA:86,6,0,1
BRDA:86,6,1,3
BRDA:87,7,0,4
BRDA:87,7,1,4
BRDA:94,8,0,1
BRDA:94,8,1,2
BRDA:98,9,0,1
BRDA:98,9,1,1
BRDA:99,10,0,1
BRDA:99,10,1,1
BRDA:124,11,0,1
BRDA:124,11,1,4
BRDA:129,12,0,1
BRDA:129,12,1,2
BRDA:133,13,0,1
BRDA:133,13,1,1
BRDA:141,14,0,1
BRDA:141,14,1,0
BRF:31
BRH:28
end_of_record
TN:
SF:middlewares\authMiddleware.js
FN:1,(anonymous_0)
FNF:1
FNH:1
FNDA:16,(anonymous_0)
DA:1,2
DA:2,16
DA:3,15
DA:5,1
DA:6,1
DA:9,2
LF:6
LH:6
BRDA:2,0,0,15
BRDA:2,0,1,1
BRDA:2,1,0,16
BRDA:2,1,1,16
BRF:4
BRH:4
end_of_record
TN:
SF:middlewares\errorMiddleware.js
FN:1,(anonymous_0)
FNF:1
FNH:1
FNDA:2,(anonymous_0)
DA:1,1
DA:2,2
DA:4,2
DA:5,2
DA:7,2
DA:13,1
LF:6
LH:6
BRDA:2,0,0,2
BRDA:2,0,1,2
BRDA:4,1,0,2
BRDA:4,1,1,1
BRDA:5,2,0,2
BRDA:5,2,1,0
BRF:6
BRH:5
end_of_record
TN:
SF:middlewares\roleMiddleware.js
FN:1,(anonymous_0)
FN:2,(anonymous_1)
FNF:2
FNH:2
FNDA:14,(anonymous_0)
FNDA:4,(anonymous_1)
DA:1,2
DA:2,14
DA:3,4
DA:4,1
DA:6,3
DA:7,1
DA:9,2
DA:13,2
LF:8
LH:8
BRDA:3,0,0,1
BRDA:3,0,1,3
BRDA:6,1,0,1
BRDA:6,1,1,2
BRF:4
BRH:4
end_of_record
TN:
SF:models\appUserModel.js
FN:4,(anonymous_0)
FN:9,(anonymous_1)
FN:17,(anonymous_2)
FN:25,(anonymous_3)
FN:34,(anonymous_4)
FN:37,(anonymous_5)
FN:44,(anonymous_6)
FN:48,(anonymous_7)
FNF:8
FNH:8
FNDA:1,(anonymous_0)
FNDA:2,(anonymous_1)
FNDA:1,(anonymous_2)
FNDA:1,(anonymous_3)
FNDA:1,(anonymous_4)
FNDA:1,(anonymous_5)
FNDA:1,(anonymous_6)
FNDA:1,(anonymous_7)
DA:1,4
DA:3,4
DA:5,1
DA:6,1
DA:10,2
DA:14,2
DA:18,1
DA:22,1
DA:26,1
DA:31,1
DA:35,1
DA:36,1
DA:37,1
DA:38,1
DA:45,1
DA:49,1
DA:52,1
DA:56,4
LF:18
LH:18
BRF:0
BRH:0
end_of_record
TN:
SF:models\bookingModel.js
FN:4,(anonymous_0)
FN:17,(anonymous_1)
FN:29,(anonymous_2)
FN:41,(anonymous_3)
FN:50,(anonymous_4)
FN:57,(anonymous_5)
FN:61,(anonymous_6)
FN:74,(anonymous_7)
FNF:8
FNH:8
FNDA:1,(anonymous_0)
FNDA:1,(anonymous_1)
FNDA:1,(anonymous_2)
FNDA:1,(anonymous_3)
FNDA:1,(anonymous_4)
FNDA:1,(anonymous_5)
FNDA:1,(anonymous_6)
FNDA:1,(anonymous_7)
DA:1,4
DA:3,4
DA:5,1
DA:14,1
DA:18,1
DA:26,1
DA:30,1
DA:38,1
DA:42,1
DA:47,1
DA:51,1
DA:58,1
DA:62,1
DA:71,1
DA:75,1
DA:86,1
DA:90,4
LF:17
LH:17
BRF:0
BRH:0
end_of_record
TN:
SF:models\marketLockModel.js
FN:4,(anonymous_0)
FN:14,(anonymous_1)
FN:22,(anonymous_2)
FN:30,(anonymous_3)
FN:39,(anonymous_4)
FN:46,(anonymous_5)
FN:49,(anonymous_6)
FN:56,(anonymous_7)
FN:60,(anonymous_8)
FNF:9
FNH:9
FNDA:1,(anonymous_0)
FNDA:1,(anonymous_1)
FNDA:1,(anonymous_2)
FNDA:1,(anonymous_3)
FNDA:1,(anonymous_4)
FNDA:1,(anonymous_5)
FNDA:1,(anonymous_6)
FNDA:1,(anonymous_7)
FNDA:1,(anonymous_8)
DA:1,5
DA:3,5
DA:5,1
DA:11,1
DA:15,1
DA:19,1
DA:23,1
DA:27,1
DA:31,1
DA:36,1
DA:40,1
DA:47,1
DA:48,1
DA:49,1
DA:50,1
DA:57,1
DA:61,1
DA:66,1
DA:70,5
LF:19
LH:19
BRDA:39,0,0,0
BRF:1
BRH:0
end_of_record
TN:
SF:models\paymentModel.js
FN:4,(anonymous_0)
FN:17,(anonymous_1)
FN:25,(anonymous_2)
FN:33,(anonymous_3)
FN:42,(anonymous_4)
FN:49,(anonymous_5)
FNF:6
FNH:6
FNDA:1,(anonymous_0)
FNDA:1,(anonymous_1)
FNDA:1,(anonymous_2)
FNDA:1,(anonymous_3)
FNDA:1,(anonymous_4)
FNDA:1,(anonymous_5)
DA:1,3
DA:3,3
DA:5,1
DA:14,1
DA:18,1
DA:22,1
DA:26,1
DA:30,1
DA:34,1
DA:39,1
DA:43,1
DA:50,1
DA:59,1
DA:63,3
LF:14
LH:14
BRDA:42,0,0,0
BRF:1
BRH:0
end_of_record
